<?xml version="1.0" encoding="UTF-8"?>
<testng-results ignored="0" total="12" passed="12" failed="0" skipped="0">
  <reporter-output>
  </reporter-output>
  <suite started-at="2024-12-01T22:00:43 WET" name="Surefire suite" finished-at="2024-12-01T22:01:28 WET" duration-ms="45601">
    <groups>
      <group name="cucumber">
        <method signature="AbstractTestNGCucumberTests.runScenario(io.cucumber.testng.PickleWrapper,io.cucumber.testng.FeatureWrapper)[pri:0, instance:jPetStoreTestRunner.TestRunner@50eac852]" name="runScenario" class="io.cucumber.testng.AbstractTestNGCucumberTests"/>
      </group> <!-- cucumber -->
    </groups>
    <test started-at="2024-12-01T22:00:43 WET" name="Surefire test" finished-at="2024-12-01T22:01:28 WET" duration-ms="45601">
      <class name="jPetStoreTestRunner.TestRunner">
        <test-method is-config="true" signature="setUpClass(org.testng.ITestContext)[pri:0, instance:jPetStoreTestRunner.TestRunner@50eac852]" started-at="2024-12-01T22:00:43 WET" name="setUpClass" finished-at="2024-12-01T22:00:43 WET" duration-ms="589" status="PASS">
          <params>
            <param index="0">
              <value>
                <![CDATA[org.testng.TestRunner@6ed3ccb2]]>
              </value>
            </param>
          </params>
          <reporter-output>
          </reporter-output>
        </test-method> <!-- setUpClass -->
        <test-method signature="runScenario(io.cucumber.testng.PickleWrapper,io.cucumber.testng.FeatureWrapper)[pri:0, instance:jPetStoreTestRunner.TestRunner@50eac852]" started-at="2024-12-01T22:00:43 WET" name="runScenario" description="Runs Cucumber Scenarios" data-provider="scenarios" finished-at="2024-12-01T22:01:08 WET" duration-ms="24899" status="PASS">
          <params>
            <param index="0">
              <value>
                <![CDATA["Successful search for an existing product"]]>
              </value>
            </param>
            <param index="1">
              <value>
                <![CDATA["Search and Visualize Item"]]>
              </value>
            </param>
          </params>
          <reporter-output>
          </reporter-output>
        </test-method> <!-- runScenario -->
        <test-method signature="runScenario(io.cucumber.testng.PickleWrapper,io.cucumber.testng.FeatureWrapper)[pri:0, instance:jPetStoreTestRunner.TestRunner@50eac852]" started-at="2024-12-01T22:00:43 WET" name="runScenario" description="Runs Cucumber Scenarios" data-provider="scenarios" finished-at="2024-12-01T22:01:15 WET" duration-ms="31243" status="PASS">
          <params>
            <param index="0">
              <value>
                <![CDATA["Adding a product to the cart"]]>
              </value>
            </param>
            <param index="1">
              <value>
                <![CDATA["Add product to Cart"]]>
              </value>
            </param>
          </params>
          <reporter-output>
          </reporter-output>
        </test-method> <!-- runScenario -->
        <test-method signature="runScenario(io.cucumber.testng.PickleWrapper,io.cucumber.testng.FeatureWrapper)[pri:0, instance:jPetStoreTestRunner.TestRunner@50eac852]" started-at="2024-12-01T22:00:43 WET" name="runScenario" description="Runs Cucumber Scenarios" data-provider="scenarios" finished-at="2024-12-01T22:01:11 WET" duration-ms="27810" status="PASS">
          <params>
            <param index="0">
              <value>
                <![CDATA["Successful login with valid credentials"]]>
              </value>
            </param>
            <param index="1">
              <value>
                <![CDATA["User Login"]]>
              </value>
            </param>
          </params>
          <reporter-output>
          </reporter-output>
        </test-method> <!-- runScenario -->
        <test-method signature="runScenario(io.cucumber.testng.PickleWrapper,io.cucumber.testng.FeatureWrapper)[pri:0, instance:jPetStoreTestRunner.TestRunner@50eac852]" started-at="2024-12-01T22:00:43 WET" name="runScenario" description="Runs Cucumber Scenarios" data-provider="scenarios" finished-at="2024-12-01T22:01:22 WET" duration-ms="38099" status="PASS">
          <params>
            <param index="0">
              <value>
                <![CDATA["Successful purchase of a product"]]>
              </value>
            </param>
            <param index="1">
              <value>
                <![CDATA["Product Purchase"]]>
              </value>
            </param>
          </params>
          <reporter-output>
          </reporter-output>
        </test-method> <!-- runScenario -->
        <test-method signature="runScenario(io.cucumber.testng.PickleWrapper,io.cucumber.testng.FeatureWrapper)[pri:0, instance:jPetStoreTestRunner.TestRunner@50eac852]" started-at="2024-12-01T22:00:43 WET" name="runScenario" description="Runs Cucumber Scenarios" data-provider="scenarios" finished-at="2024-12-01T22:01:08 WET" duration-ms="24628" status="PASS">
          <params>
            <param index="0">
              <value>
                <![CDATA["Successful search for an existing product"]]>
              </value>
            </param>
            <param index="1">
              <value>
                <![CDATA["Search and Visualize Item"]]>
              </value>
            </param>
          </params>
          <reporter-output>
          </reporter-output>
        </test-method> <!-- runScenario -->
        <test-method signature="runScenario(io.cucumber.testng.PickleWrapper,io.cucumber.testng.FeatureWrapper)[pri:0, instance:jPetStoreTestRunner.TestRunner@50eac852]" started-at="2024-12-01T22:00:43 WET" name="runScenario" description="Runs Cucumber Scenarios" data-provider="scenarios" finished-at="2024-12-01T22:01:09 WET" duration-ms="26010" status="PASS">
          <params>
            <param index="0">
              <value>
                <![CDATA["Successful login with valid credentials"]]>
              </value>
            </param>
            <param index="1">
              <value>
                <![CDATA["User Login"]]>
              </value>
            </param>
          </params>
          <reporter-output>
          </reporter-output>
        </test-method> <!-- runScenario -->
        <test-method signature="runScenario(io.cucumber.testng.PickleWrapper,io.cucumber.testng.FeatureWrapper)[pri:0, instance:jPetStoreTestRunner.TestRunner@50eac852]" started-at="2024-12-01T22:00:43 WET" name="runScenario" description="Runs Cucumber Scenarios" data-provider="scenarios" finished-at="2024-12-01T22:01:22 WET" duration-ms="38981" status="PASS">
          <params>
            <param index="0">
              <value>
                <![CDATA["Successful purchase of a product"]]>
              </value>
            </param>
            <param index="1">
              <value>
                <![CDATA["Product Purchase"]]>
              </value>
            </param>
          </params>
          <reporter-output>
          </reporter-output>
        </test-method> <!-- runScenario -->
        <test-method signature="runScenario(io.cucumber.testng.PickleWrapper,io.cucumber.testng.FeatureWrapper)[pri:0, instance:jPetStoreTestRunner.TestRunner@50eac852]" started-at="2024-12-01T22:00:43 WET" name="runScenario" description="Runs Cucumber Scenarios" data-provider="scenarios" finished-at="2024-12-01T22:01:08 WET" duration-ms="24755" status="PASS">
          <params>
            <param index="0">
              <value>
                <![CDATA["Correctly viewing product details"]]>
              </value>
            </param>
            <param index="1">
              <value>
                <![CDATA["Search and Visualize Item"]]>
              </value>
            </param>
          </params>
          <reporter-output>
          </reporter-output>
        </test-method> <!-- runScenario -->
        <test-method signature="runScenario(io.cucumber.testng.PickleWrapper,io.cucumber.testng.FeatureWrapper)[pri:0, instance:jPetStoreTestRunner.TestRunner@50eac852]" started-at="2024-12-01T22:00:43 WET" name="runScenario" description="Runs Cucumber Scenarios" data-provider="scenarios" finished-at="2024-12-01T22:01:09 WET" duration-ms="26021" status="PASS">
          <params>
            <param index="0">
              <value>
                <![CDATA["Adding a product to the cart"]]>
              </value>
            </param>
            <param index="1">
              <value>
                <![CDATA["Add product to Cart"]]>
              </value>
            </param>
          </params>
          <reporter-output>
          </reporter-output>
        </test-method> <!-- runScenario -->
        <test-method signature="runScenario(io.cucumber.testng.PickleWrapper,io.cucumber.testng.FeatureWrapper)[pri:0, instance:jPetStoreTestRunner.TestRunner@50eac852]" started-at="2024-12-01T22:00:43 WET" name="runScenario" description="Runs Cucumber Scenarios" data-provider="scenarios" finished-at="2024-12-01T22:01:11 WET" duration-ms="27702" status="PASS">
          <params>
            <param index="0">
              <value>
                <![CDATA["Correctly viewing product details"]]>
              </value>
            </param>
            <param index="1">
              <value>
                <![CDATA["Search and Visualize Item"]]>
              </value>
            </param>
          </params>
          <reporter-output>
          </reporter-output>
        </test-method> <!-- runScenario -->
        <test-method signature="runScenario(io.cucumber.testng.PickleWrapper,io.cucumber.testng.FeatureWrapper)[pri:0, instance:jPetStoreTestRunner.TestRunner@50eac852]" started-at="2024-12-01T22:01:08 WET" name="runScenario" description="Runs Cucumber Scenarios" data-provider="scenarios" finished-at="2024-12-01T22:01:26 WET" duration-ms="18209" status="PASS">
          <params>
            <param index="0">
              <value>
                <![CDATA["Successful user registration"]]>
              </value>
            </param>
            <param index="1">
              <value>
                <![CDATA["New User Registration"]]>
              </value>
            </param>
          </params>
          <reporter-output>
          </reporter-output>
        </test-method> <!-- runScenario -->
        <test-method signature="runScenario(io.cucumber.testng.PickleWrapper,io.cucumber.testng.FeatureWrapper)[pri:0, instance:jPetStoreTestRunner.TestRunner@50eac852]" started-at="2024-12-01T22:01:08 WET" name="runScenario" description="Runs Cucumber Scenarios" data-provider="scenarios" finished-at="2024-12-01T22:01:28 WET" duration-ms="20129" status="PASS">
          <params>
            <param index="0">
              <value>
                <![CDATA["Successful user registration"]]>
              </value>
            </param>
            <param index="1">
              <value>
                <![CDATA["New User Registration"]]>
              </value>
            </param>
          </params>
          <reporter-output>
          </reporter-output>
        </test-method> <!-- runScenario -->
        <test-method is-config="true" signature="tearDownClass()[pri:0, instance:jPetStoreTestRunner.TestRunner@50eac852]" started-at="2024-12-01T22:01:28 WET" name="tearDownClass" finished-at="2024-12-01T22:01:28 WET" duration-ms="90" status="PASS">
          <reporter-output>
          </reporter-output>
        </test-method> <!-- tearDownClass -->
      </class> <!-- jPetStoreTestRunner.TestRunner -->
    </test> <!-- Surefire test -->
  </suite> <!-- Surefire suite -->
</testng-results>
